<?xml version="1.0" encoding="UTF-8"?>
<testng-results ignored="0" total="1" passed="1" failed="0" skipped="0">
  <reporter-output>
    <line>
      <![CDATA[HomePage is displayed]]>
    </line>
  </reporter-output>
  <suite started-at="2024-07-31T08:29:32 IST" name="Default suite" finished-at="2024-07-31T08:29:42 IST" duration-ms="9723">
    <groups>
    </groups>
    <test started-at="2024-07-31T08:29:32 IST" name="Default test" finished-at="2024-07-31T08:29:42 IST" duration-ms="9723">
      <class name="scripts.ValidLogIn">
        <test-method is-config="true" signature="createReport()[pri:0, instance:scripts.ValidLogIn@1a677343]" started-at="2024-07-31T08:29:32 IST" name="createReport" finished-at="2024-07-31T08:29:32 IST" duration-ms="439" status="PASS">
          <reporter-output>
          </reporter-output>
        </test-method> <!-- createReport -->
        <test-method is-config="true" signature="preCondition(java.lang.reflect.Method)[pri:0, instance:scripts.ValidLogIn@1a677343]" started-at="2024-07-31T08:29:32 IST" name="preCondition" finished-at="2024-07-31T08:29:37 IST" duration-ms="5008" status="PASS">
          <params>
            <param index="0">
              <value>
                <![CDATA[public void scripts.ValidLogIn.testValidLogin()]]>
              </value>
            </param>
          </params>
          <reporter-output>
          </reporter-output>
        </test-method> <!-- preCondition -->
        <test-method signature="testValidLogin()[pri:1, instance:scripts.ValidLogIn@1a677343]" started-at="2024-07-31T08:29:37 IST" name="testValidLogin" finished-at="2024-07-31T08:29:40 IST" duration-ms="3097" status="PASS">
          <reporter-output>
            <line>
              <![CDATA[HomePage is displayed]]>
            </line>
          </reporter-output>
        </test-method> <!-- testValidLogin -->
        <test-method is-config="true" signature="postCondition(org.testng.ITestResult)[pri:0, instance:scripts.ValidLogIn@1a677343]" started-at="2024-07-31T08:29:40 IST" name="postCondition" finished-at="2024-07-31T08:29:42 IST" duration-ms="1553" status="PASS">
          <params>
            <param index="0">
              <value>
                <![CDATA[[TestResult name=testValidLogin status=SUCCESS method=ValidLogIn.testValidLogin()[pri:1, instance:scripts.ValidLogIn@1a677343] output=HomePage is displayed]]]>
              </value>
            </param>
          </params>
          <reporter-output>
          </reporter-output>
        </test-method> <!-- postCondition -->
        <test-method is-config="true" signature="publishReport()[pri:0, instance:scripts.ValidLogIn@1a677343]" started-at="2024-07-31T08:29:42 IST" name="publishReport" finished-at="2024-07-31T08:29:42 IST" duration-ms="561" status="PASS">
          <reporter-output>
          </reporter-output>
        </test-method> <!-- publishReport -->
      </class> <!-- scripts.ValidLogIn -->
    </test> <!-- Default test -->
  </suite> <!-- Default suite -->
</testng-results>
